<?xml version="1.0" encoding="UTF-8"?>
<testng-results skipped="0" failed="0" ignored="0" total="2" passed="2">
  <reporter-output>
  </reporter-output>
  <suite name="Default suite" duration-ms="16689" started-at="2019-06-06T06:57:51Z" finished-at="2019-06-06T06:58:07Z">
    <groups>
    </groups>
    <test name="Default test" duration-ms="16689" started-at="2019-06-06T06:57:51Z" finished-at="2019-06-06T06:58:07Z">
      <class name="com.OHRMS.testcasescripts.LoginPageTest">
        <test-method status="PASS" signature="setup()[pri:0, instance:com.OHRMS.testcasescripts.LoginPageTest@6093dd95]" name="setup" is-config="true" duration-ms="14016" started-at="2019-06-06T06:57:51Z" finished-at="2019-06-06T06:58:05Z">
          <reporter-output>
          </reporter-output>
        </test-method> <!-- setup -->
        <test-method status="PASS" signature="loginPageTitleTest()[pri:1, instance:com.OHRMS.testcasescripts.LoginPageTest@6093dd95]" name="loginPageTitleTest" duration-ms="25" started-at="2019-06-06T06:58:05Z" finished-at="2019-06-06T06:58:05Z">
          <reporter-output>
          </reporter-output>
        </test-method> <!-- loginPageTitleTest -->
        <test-method status="PASS" signature="LoginTest()[pri:2, instance:com.OHRMS.testcasescripts.LoginPageTest@6093dd95]" name="LoginTest" duration-ms="2592" started-at="2019-06-06T06:58:05Z" finished-at="2019-06-06T06:58:07Z">
          <reporter-output>
          </reporter-output>
        </test-method> <!-- LoginTest -->
        <test-method status="PASS" signature="teardown()[pri:0, instance:com.OHRMS.testcasescripts.LoginPageTest@6093dd95]" name="teardown" is-config="true" duration-ms="0" started-at="2019-06-06T06:58:07Z" finished-at="2019-06-06T06:58:07Z">
          <reporter-output>
          </reporter-output>
        </test-method> <!-- teardown -->
      </class> <!-- com.OHRMS.testcasescripts.LoginPageTest -->
    </test> <!-- Default test -->
  </suite> <!-- Default suite -->
</testng-results>
